#-----------------------------------------------------------
# Vivado v2018.3 (64-bit)
# SW Build 2405991 on Thu Dec  6 23:38:27 MST 2018
# IP Build 2404404 on Fri Dec  7 01:43:56 MST 2018
# Start of session at: Fri Dec  6 16:09:14 2024
# Process ID: 13276
# Current directory: C:/Users/Lenovo/Desktop/elevator_controller
# Command line: vivado.exe -gui_launcher_event rodinguilauncherevent12776 C:\Users\Lenovo\Desktop\elevator_controller\elevator_controller.xpr
# Log file: C:/Users/Lenovo/Desktop/elevator_controller/vivado.log
# Journal file: C:/Users/Lenovo/Desktop/elevator_controller\vivado.jou
#-----------------------------------------------------------
start_gui
open_project C:/Users/Lenovo/Desktop/elevator_controller/elevator_controller.xpr
Scanning sources...
Finished scanning sources
INFO: [IP_Flow 19-234] Refreshing IP repositories
INFO: [IP_Flow 19-1704] No user IP repositories specified
INFO: [IP_Flow 19-2313] Loaded Vivado IP repository 'C:/Xilinx/Vivado/2018.3/data/ip'.
open_project: Time (s): cpu = 00:00:06 ; elapsed = 00:00:12 . Memory (MB): peak = 847.707 ; gain = 206.473
update_compile_order -fileset sources_1
reset_run synth_1
launch_runs impl_1 -to_step write_bitstream -jobs 6
[Fri Dec  6 16:57:21 2024] Launched synth_1...
Run output will be captured here: C:/Users/Lenovo/Desktop/elevator_controller/elevator_controller.runs/synth_1/runme.log
[Fri Dec  6 16:57:21 2024] Launched impl_1...
Run output will be captured here: C:/Users/Lenovo/Desktop/elevator_controller/elevator_controller.runs/impl_1/runme.log
set_property STEPS.WRITE_BITSTREAM.TCL.PRE {} [get_runs impl_1]
reset_run impl_1 -prev_step 
launch_runs impl_1 -to_step write_bitstream -jobs 6
[Fri Dec  6 17:00:22 2024] Launched impl_1...
Run output will be captured here: C:/Users/Lenovo/Desktop/elevator_controller/elevator_controller.runs/impl_1/runme.log
reset_run synth_1
launch_runs synth_1 -jobs 6
[Fri Dec  6 17:02:46 2024] Launched synth_1...
Run output will be captured here: C:/Users/Lenovo/Desktop/elevator_controller/elevator_controller.runs/synth_1/runme.log
launch_runs impl_1 -jobs 6
[Fri Dec  6 17:03:30 2024] Launched impl_1...
Run output will be captured here: C:/Users/Lenovo/Desktop/elevator_controller/elevator_controller.runs/impl_1/runme.log
reset_run synth_1
launch_runs impl_1 -to_step write_bitstream -jobs 6
[Fri Dec  6 17:12:14 2024] Launched synth_1...
Run output will be captured here: C:/Users/Lenovo/Desktop/elevator_controller/elevator_controller.runs/synth_1/runme.log
[Fri Dec  6 17:12:14 2024] Launched impl_1...
Run output will be captured here: C:/Users/Lenovo/Desktop/elevator_controller/elevator_controller.runs/impl_1/runme.log
exit
INFO: [Common 17-206] Exiting Vivado at Fri Dec  6 17:14:05 2024...
